<?xml version="1.0" encoding="UTF-8"?>
<testng-results skipped="0" failed="0" ignored="0" total="2" passed="2">
  <reporter-output>
  </reporter-output>
  <suite name="Default suite" duration-ms="21102" started-at="2021-01-11T10:09:22Z" finished-at="2021-01-11T10:09:43Z">
    <groups>
    </groups>
    <test name="Default test" duration-ms="21102" started-at="2021-01-11T10:09:22Z" finished-at="2021-01-11T10:09:43Z">
      <class name="org.execution.TestRestAssured">
        <test-method status="PASS" signature="get()[pri:0, instance:org.execution.TestRestAssured@27c86f2d]" name="get" duration-ms="17297" started-at="2021-01-11T10:09:22Z" finished-at="2021-01-11T10:09:40Z">
          <reporter-output>
          </reporter-output>
        </test-method> <!-- get -->
        <test-method status="PASS" signature="testing(java.lang.String)[pri:0, instance:org.execution.TestRestAssured@27c86f2d]" name="testing" duration-ms="1884" started-at="2021-01-11T10:09:41Z" data-provider="sample" finished-at="2021-01-11T10:09:43Z">
          <params>
            <param index="0">
              <value>
                <![CDATA[7879,doberman,]]>
              </value>
            </param>
          </params>
          <reporter-output>
          </reporter-output>
        </test-method> <!-- testing -->
      </class> <!-- org.execution.TestRestAssured -->
    </test> <!-- Default test -->
  </suite> <!-- Default suite -->
</testng-results>
